
> @figma/my-make-file@0.0.1 dev
> vite --host 127.0.0.1


  [32m[1mVITE[22m v6.3.5[39m  [2mready in [0m[1m1033[22m[2m[0m ms[22m

  [32m➜[39m  [1mLocal[22m:   [36mhttp://127.0.0.1:[1m5173[22m/[39m
[2m4:33:27 PM[22m [36m[1m[vite][22m[39m [90m[2m(client)[22m[39m [32mhmr update [39m[2m/@fs/D:\TaiLieuCuaNhi\New folder\bookstore-frontend-v1\src\app\components\PromotionBookCard.tsx, /src/styles/index.css[22m
[2m4:34:38 PM[22m [36m[1m[vite][22m[39m [90m[2m(client)[22m[39m [32mhmr update [39m[2m/src/app/pages/PromotionBooksPage.tsx, /src/styles/index.css[22m
[2m4:35:31 PM[22m [36m[1m[vite][22m[39m [90m[2m(client)[22m[39m [32mhmr update [39m[2m/src/app/pages/PromotionBooksPage.tsx, /src/styles/index.css[22m
[2m4:38:48 PM[22m [36m[1m[vite][22m[39m [90m[2m(client)[22m[39m [32mhmr update [39m[2m/src/app/pages/PromotionBooksPage.tsx, /src/styles/index.css[22m
[2m4:39:03 PM[22m [36m[1m[vite][22m[39m [90m[2m(client)[22m[39m [32mhmr update [39m[2m/src/app/pages/PromotionBooksPage.tsx, /src/styles/index.css[22m
[2m4:39:15 PM[22m [36m[1m[vite][22m[39m [90m[2m(client)[22m[39m [32mhmr update [39m[2m/src/app/pages/PromotionBooksPage.tsx, /src/styles/index.css[22m
[2m4:39:42 PM[22m [36m[1m[vite][22m[39m [90m[2m(client)[22m[39m [32mhmr update [39m[2m/src/app/pages/PromotionBooksPage.tsx, /src/styles/index.css[22m
[2m4:40:42 PM[22m [36m[1m[vite][22m[39m [90m[2m(client)[22m[39m [32mhmr update [39m[2m/src/app/pages/PromotionBooksPage.tsx, /src/styles/index.css[22m
[2m4:44:21 PM[22m [36m[1m[vite][22m[39m [90m[2m(client)[22m[39m [32mhmr update [39m[2m/src/app/pages/PromotionBooksPage.tsx, /src/styles/index.css[22m
[2m4:45:05 PM[22m [36m[1m[vite][22m[39m [90m[2m(client)[22m[39m [32mhmr update [39m[2m/src/app/pages/PromotionBooksPage.tsx, /src/styles/index.css[22m
[2m4:45:32 PM[22m [36m[1m[vite][22m[39m [90m[2m(client)[22m[39m [32mhmr update [39m[2m/src/app/pages/PromotionBooksPage.tsx, /src/styles/index.css[22m
[2m4:45:52 PM[22m [36m[1m[vite][22m[39m [90m[2m(client)[22m[39m [32mhmr update [39m[2m/@fs/D:\TaiLieuCuaNhi\New folder\bookstore-frontend-v1\src\app\components\PromotionBookCard.tsx, /src/styles/index.css[22m
[2m4:50:33 PM[22m [36m[1m[vite][22m[39m [90m[2m(client)[22m[39m [32mhmr update [39m[2m/@fs/D:\TaiLieuCuaNhi\New folder\bookstore-frontend-v1\src\app\components\HeroCarousel.tsx, /src/styles/index.css[22m
[2m4:55:18 PM[22m [36m[1m[vite][22m[39m [90m[2m(client)[22m[39m [32mhmr update [39m[2m/@fs/D:\TaiLieuCuaNhi\New folder\bookstore-frontend-v1\src\app\components\HeroCarousel.tsx, /src/styles/index.css[22m
[2m4:55:55 PM[22m [36m[1m[vite][22m[39m [90m[2m(client)[22m[39m [32mhmr update [39m[2m/@fs/D:\TaiLieuCuaNhi\New folder\bookstore-frontend-v1\src\app\components\HeroCarousel.tsx, /src/styles/index.css[22m
[2m4:56:02 PM[22m [36m[1m[vite][22m[39m [90m[2m(client)[22m[39m [32mhmr update [39m[2m/@fs/D:\TaiLieuCuaNhi\New folder\bookstore-frontend-v1\src\app\components\HeroCarousel.tsx, /src/styles/index.css[22m
[2m4:56:27 PM[22m [36m[1m[vite][22m[39m [90m[2m(client)[22m[39m [32mhmr update [39m[2m/@fs/D:\TaiLieuCuaNhi\New folder\bookstore-frontend-v1\src\app\components\HeroCarousel.tsx, /src/styles/index.css[22m
[2m4:58:57 PM[22m [36m[1m[vite][22m[39m [90m[2m(client)[22m[39m [32mhmr update [39m[2m/@fs/D:\TaiLieuCuaNhi\New folder\bookstore-frontend-v1\src\app\components\HeroCarousel.tsx, /src/styles/index.css[22m
